<?xml version="1.0" encoding="UTF-8"?>
<!-- Generated by org.testng.reporters.JUnitReportReporter -->
<testsuite skipped="0" hostname="RanjanKumar" name="com.weatherapi.Weather" tests="1" failures="0" timestamp="18 Jul 2019 09:19:37 GMT" time="3.865" errors="0">
  <testcase name="weatherDetail" time="3.865" classname="com.weatherapi.Weather"/>
</testsuite> <!-- com.weatherapi.Weather -->
