<?xml version="1.0" encoding="UTF-8"?>
<!-- Generated by org.testng.reporters.JUnitReportReporter -->
<testsuite skipped="0" hostname="RanjanKumar" name="com.weatherapi.WeatherTest" tests="1" failures="0" timestamp="18 Jul 2019 12:39:34 GMT" time="4.644" errors="0">
  <testcase name="weatherDetail" time="4.644" classname="com.weatherapi.WeatherTest"/>
</testsuite> <!-- com.weatherapi.WeatherTest -->
